2021-01-12 00:19:06.977  INFO 16140 --- [main] c.w.g.Get12306cookieApplication          : Starting Get12306cookieApplication using Java 1.8.0_102 on LAPTOP-VTN86PRD with PID 16140 (E:\get12306cookie\target\classes started by wonder in E:\get12306cookie)
2021-01-12 00:19:06.987  INFO 16140 --- [main] c.w.g.Get12306cookieApplication          : No active profile set, falling back to default profiles: default
2021-01-12 00:19:07.681  INFO 16140 --- [main] o.s.b.w.embedded.tomcat.TomcatWebServer  : Tomcat initialized with port(s): 8008 (http)
2021-01-12 00:19:07.687  INFO 16140 --- [main] o.apache.catalina.core.StandardService   : Starting service [Tomcat]
2021-01-12 00:19:07.687  INFO 16140 --- [main] org.apache.catalina.core.StandardEngine  : Starting Servlet engine: [Apache Tomcat/9.0.41]
2021-01-12 00:19:07.688  INFO 16140 --- [main] o.a.catalina.core.AprLifecycleListener   : Loaded Apache Tomcat Native library [1.2.23] using APR version [1.7.0].
2021-01-12 00:19:07.689  INFO 16140 --- [main] o.a.catalina.core.AprLifecycleListener   : APR capabilities: IPv6 [true], sendfile [true], accept filters [false], random [true].
2021-01-12 00:19:07.689  INFO 16140 --- [main] o.a.catalina.core.AprLifecycleListener   : APR/OpenSSL configuration: useAprConnector [false], useOpenSSL [true]
2021-01-12 00:19:07.695  INFO 16140 --- [main] o.a.catalina.core.AprLifecycleListener   : OpenSSL successfully initialized [OpenSSL 1.1.1c  28 May 2019]
2021-01-12 00:19:07.746  INFO 16140 --- [main] o.a.c.c.C.[Tomcat].[localhost].[/]       : Initializing Spring embedded WebApplicationContext
2021-01-12 00:19:07.747  INFO 16140 --- [main] w.s.c.ServletWebServerApplicationContext : Root WebApplicationContext: initialization completed in 692 ms
2021-01-12 00:19:07.857  INFO 16140 --- [main] o.s.s.concurrent.ThreadPoolTaskExecutor  : Initializing ExecutorService 'applicationTaskExecutor'
2021-01-12 00:19:07.979  INFO 16140 --- [main] o.s.b.w.embedded.tomcat.TomcatWebServer  : Tomcat started on port(s): 8008 (http) with context path ''
2021-01-12 00:19:07.985  INFO 16140 --- [main] c.w.g.Get12306cookieApplication          : Started Get12306cookieApplication in 1.354 seconds (JVM running for 2.176)
2021-01-12 00:25:34.855  INFO 16140 --- [http-nio-8008-exec-1] o.a.c.c.C.[Tomcat].[localhost].[/]       : Initializing Spring DispatcherServlet 'dispatcherServlet'
2021-01-12 00:25:34.855  INFO 16140 --- [http-nio-8008-exec-1] o.s.web.servlet.DispatcherServlet        : Initializing Servlet 'dispatcherServlet'
2021-01-12 00:25:34.856  INFO 16140 --- [http-nio-8008-exec-1] o.s.web.servlet.DispatcherServlet        : Completed initialization in 1 ms
2021-01-12 00:25:35.040  INFO 16140 --- [http-nio-8008-exec-2] c.w.g.Controller.mainController          : 【接收cookie值：】
2021-01-12 00:25:35.040  INFO 16140 --- [http-nio-8008-exec-2] c.w.g.Controller.mainController          : 【tk】dKqqGvCgf4yMiSUxE3jh1_7MA48bS1yk73L1L0
2021-01-12 00:25:35.040  INFO 16140 --- [http-nio-8008-exec-2] c.w.g.Controller.mainController          : 【RAIL_EXPIRATION】1610437890585
2021-01-12 00:25:35.041  INFO 16140 --- [http-nio-8008-exec-2] c.w.g.Controller.mainController          : 【RAIL_DEVICEID】WqYpoZ06tGPYW8yXwricrBBxanfPSIZss0eJdPPOqykfExmVuWE5BSUkd8yE6JSoUdIUrvIQQZOfatcIuuVVf3MDuPbZxf4Tb1tO30UWulOMEyqzmQ9VumuY3o5GJ6U61UbYOhj0emsCGSW7NsamYex-RlR2gSQ3
2021-01-12 00:28:40.339  INFO 17808 --- [main] c.w.g.Get12306cookieApplication          : Starting Get12306cookieApplication using Java 1.8.0_102 on LAPTOP-VTN86PRD with PID 17808 (E:\get12306cookie\target\classes started by wonder in E:\get12306cookie)
2021-01-12 00:28:40.341  INFO 17808 --- [main] c.w.g.Get12306cookieApplication          : No active profile set, falling back to default profiles: default
2021-01-12 00:28:41.021  INFO 17808 --- [main] o.s.b.w.embedded.tomcat.TomcatWebServer  : Tomcat initialized with port(s): 8008 (http)
2021-01-12 00:28:41.027  INFO 17808 --- [main] o.apache.catalina.core.StandardService   : Starting service [Tomcat]
2021-01-12 00:28:41.027  INFO 17808 --- [main] org.apache.catalina.core.StandardEngine  : Starting Servlet engine: [Apache Tomcat/9.0.41]
2021-01-12 00:28:41.028  INFO 17808 --- [main] o.a.catalina.core.AprLifecycleListener   : Loaded Apache Tomcat Native library [1.2.23] using APR version [1.7.0].
2021-01-12 00:28:41.028  INFO 17808 --- [main] o.a.catalina.core.AprLifecycleListener   : APR capabilities: IPv6 [true], sendfile [true], accept filters [false], random [true].
2021-01-12 00:28:41.029  INFO 17808 --- [main] o.a.catalina.core.AprLifecycleListener   : APR/OpenSSL configuration: useAprConnector [false], useOpenSSL [true]
2021-01-12 00:28:41.032  INFO 17808 --- [main] o.a.catalina.core.AprLifecycleListener   : OpenSSL successfully initialized [OpenSSL 1.1.1c  28 May 2019]
2021-01-12 00:28:41.086  INFO 17808 --- [main] o.a.c.c.C.[Tomcat].[localhost].[/]       : Initializing Spring embedded WebApplicationContext
2021-01-12 00:28:41.087  INFO 17808 --- [main] w.s.c.ServletWebServerApplicationContext : Root WebApplicationContext: initialization completed in 700 ms
2021-01-12 00:28:41.191  INFO 17808 --- [main] o.s.s.concurrent.ThreadPoolTaskExecutor  : Initializing ExecutorService 'applicationTaskExecutor'
2021-01-12 00:28:41.320  INFO 17808 --- [main] o.s.b.w.embedded.tomcat.TomcatWebServer  : Tomcat started on port(s): 8008 (http) with context path ''
2021-01-12 00:28:41.327  INFO 17808 --- [main] c.w.g.Get12306cookieApplication          : Started Get12306cookieApplication in 1.271 seconds (JVM running for 1.991)
2021-01-12 00:29:48.370  INFO 5548 --- [main] c.w.g.Get12306cookieApplication          : Starting Get12306cookieApplication using Java 1.8.0_102 on LAPTOP-VTN86PRD with PID 5548 (E:\get12306cookie\target\classes started by wonder in E:\get12306cookie)
2021-01-12 00:29:48.372  INFO 5548 --- [main] c.w.g.Get12306cookieApplication          : No active profile set, falling back to default profiles: default
2021-01-12 00:29:49.188  INFO 5548 --- [main] o.s.b.w.embedded.tomcat.TomcatWebServer  : Tomcat initialized with port(s): 8008 (http)
2021-01-12 00:29:49.194  INFO 5548 --- [main] o.apache.catalina.core.StandardService   : Starting service [Tomcat]
2021-01-12 00:29:49.194  INFO 5548 --- [main] org.apache.catalina.core.StandardEngine  : Starting Servlet engine: [Apache Tomcat/9.0.41]
2021-01-12 00:29:49.195  INFO 5548 --- [main] o.a.catalina.core.AprLifecycleListener   : Loaded Apache Tomcat Native library [1.2.23] using APR version [1.7.0].
2021-01-12 00:29:49.196  INFO 5548 --- [main] o.a.catalina.core.AprLifecycleListener   : APR capabilities: IPv6 [true], sendfile [true], accept filters [false], random [true].
2021-01-12 00:29:49.196  INFO 5548 --- [main] o.a.catalina.core.AprLifecycleListener   : APR/OpenSSL configuration: useAprConnector [false], useOpenSSL [true]
2021-01-12 00:29:49.198  INFO 5548 --- [main] o.a.catalina.core.AprLifecycleListener   : OpenSSL successfully initialized [OpenSSL 1.1.1c  28 May 2019]
2021-01-12 00:29:49.257  INFO 5548 --- [main] o.a.c.c.C.[Tomcat].[localhost].[/]       : Initializing Spring embedded WebApplicationContext
2021-01-12 00:29:49.257  INFO 5548 --- [main] w.s.c.ServletWebServerApplicationContext : Root WebApplicationContext: initialization completed in 848 ms
2021-01-12 00:29:49.414  INFO 5548 --- [main] o.s.s.concurrent.ThreadPoolTaskExecutor  : Initializing ExecutorService 'applicationTaskExecutor'
2021-01-12 00:29:49.555  INFO 5548 --- [main] o.s.b.w.embedded.tomcat.TomcatWebServer  : Tomcat started on port(s): 8008 (http) with context path ''
2021-01-12 00:29:49.561  INFO 5548 --- [main] c.w.g.Get12306cookieApplication          : Started Get12306cookieApplication in 1.488 seconds (JVM running for 2.145)
2021-01-12 00:30:11.120  INFO 5548 --- [http-nio-8008-exec-1] o.a.c.c.C.[Tomcat].[localhost].[/]       : Initializing Spring DispatcherServlet 'dispatcherServlet'
2021-01-12 00:30:11.120  INFO 5548 --- [http-nio-8008-exec-1] o.s.web.servlet.DispatcherServlet        : Initializing Servlet 'dispatcherServlet'
2021-01-12 00:30:11.121  INFO 5548 --- [http-nio-8008-exec-1] o.s.web.servlet.DispatcherServlet        : Completed initialization in 1 ms
2021-01-12 00:30:11.267  INFO 5548 --- [http-nio-8008-exec-2] c.w.g.Controller.mainController          : 【接收cookie值：】
2021-01-12 00:30:11.267  INFO 5548 --- [http-nio-8008-exec-2] c.w.g.Controller.mainController          : 【tk】dKqqGvCgf4yMiSUxE3jh1_7MA48bS1yk73L1L0
2021-01-12 00:30:11.267  INFO 5548 --- [http-nio-8008-exec-2] c.w.g.Controller.mainController          : 【RAIL_EXPIRATION】1610437890585
2021-01-12 00:30:11.267  INFO 5548 --- [http-nio-8008-exec-2] c.w.g.Controller.mainController          : 【RAIL_DEVICEID】WqYpoZ06tGPYW8yXwricrBBxanfPSIZss0eJdPPOqykfExmVuWE5BSUkd8yE6JSoUdIUrvIQQZOfatcIuuVVf3MDuPbZxf4Tb1tO30UWulOMEyqzmQ9VumuY3o5GJ6U61UbYOhj0emsCGSW7NsamYex-RlR2gSQ3
2021-01-12 00:30:17.703  INFO 5548 --- [http-nio-8008-exec-5] c.w.g.Controller.mainController          : 【接收cookie值：】
2021-01-12 00:30:17.703  INFO 5548 --- [http-nio-8008-exec-5] c.w.g.Controller.mainController          : 【tk】dKqqGvCgf4yMiSUxE3jh1_7MA48bS1yk73L1L0
2021-01-12 00:30:17.703  INFO 5548 --- [http-nio-8008-exec-5] c.w.g.Controller.mainController          : 【RAIL_EXPIRATION】1610437890585
2021-01-12 00:30:17.703  INFO 5548 --- [http-nio-8008-exec-5] c.w.g.Controller.mainController          : 【RAIL_DEVICEID】WqYpoZ06tGPYW8yXwricrBBxanfPSIZss0eJdPPOqykfExmVuWE5BSUkd8yE6JSoUdIUrvIQQZOfatcIuuVVf3MDuPbZxf4Tb1tO30UWulOMEyqzmQ9VumuY3o5GJ6U61UbYOhj0emsCGSW7NsamYex-RlR2gSQ3
2021-01-12 00:33:02.111  INFO 5548 --- [http-nio-8008-exec-8] c.w.g.Controller.mainController          : 【接收cookie值：】
2021-01-12 00:33:02.112  INFO 5548 --- [http-nio-8008-exec-8] c.w.g.Controller.mainController          : 【tk】dKqqGvCgf4yMiSUxE3jh1_7MA48bS1yk73L1L0
2021-01-12 00:33:02.112  INFO 5548 --- [http-nio-8008-exec-8] c.w.g.Controller.mainController          : 【RAIL_EXPIRATION】1610437890585
2021-01-12 00:33:02.112  INFO 5548 --- [http-nio-8008-exec-8] c.w.g.Controller.mainController          : 【RAIL_DEVICEID】WqYpoZ06tGPYW8yXwricrBBxanfPSIZss0eJdPPOqykfExmVuWE5BSUkd8yE6JSoUdIUrvIQQZOfatcIuuVVf3MDuPbZxf4Tb1tO30UWulOMEyqzmQ9VumuY3o5GJ6U61UbYOhj0emsCGSW7NsamYex-RlR2gSQ3
2021-01-12 00:34:05.899  INFO 5548 --- [http-nio-8008-exec-10] c.w.g.Controller.mainController          : 【接收cookie值：】
2021-01-12 00:34:05.899  INFO 5548 --- [http-nio-8008-exec-10] c.w.g.Controller.mainController          : 【tk】dKqqGvCgf4yMiSUxE3jh1_7MA48bS1yk73L1L0
2021-01-12 00:34:05.899  INFO 5548 --- [http-nio-8008-exec-10] c.w.g.Controller.mainController          : 【RAIL_EXPIRATION】1610437890585
2021-01-12 00:34:05.900  INFO 5548 --- [http-nio-8008-exec-10] c.w.g.Controller.mainController          : 【RAIL_DEVICEID】WqYpoZ06tGPYW8yXwricrBBxanfPSIZss0eJdPPOqykfExmVuWE5BSUkd8yE6JSoUdIUrvIQQZOfatcIuuVVf3MDuPbZxf4Tb1tO30UWulOMEyqzmQ9VumuY3o5GJ6U61UbYOhj0emsCGSW7NsamYex-RlR2gSQ3
2021-01-12 00:35:01.846  INFO 5548 --- [http-nio-8008-exec-2] c.w.g.Controller.mainController          : 【接收cookie值：】
2021-01-12 00:35:01.846  INFO 5548 --- [http-nio-8008-exec-2] c.w.g.Controller.mainController          : 【tk】dKqqGvCgf4yMiSUxE3jh1_7MA48bS1yk73L1L0
2021-01-12 00:35:01.846  INFO 5548 --- [http-nio-8008-exec-2] c.w.g.Controller.mainController          : 【RAIL_EXPIRATION】1610437890585
2021-01-12 00:35:01.846  INFO 5548 --- [http-nio-8008-exec-2] c.w.g.Controller.mainController          : 【RAIL_DEVICEID】WqYpoZ06tGPYW8yXwricrBBxanfPSIZss0eJdPPOqykfExmVuWE5BSUkd8yE6JSoUdIUrvIQQZOfatcIuuVVf3MDuPbZxf4Tb1tO30UWulOMEyqzmQ9VumuY3o5GJ6U61UbYOhj0emsCGSW7NsamYex-RlR2gSQ3
2021-01-12 00:35:21.876  INFO 5548 --- [http-nio-8008-exec-5] c.w.g.Controller.mainController          : 【接收cookie值：】
2021-01-12 00:35:21.877  INFO 5548 --- [http-nio-8008-exec-5] c.w.g.Controller.mainController          : 【tk】dKqqGvCgf4yMiSUxE3jh1_7MA48bS1yk73L1L0
2021-01-12 00:35:21.877  INFO 5548 --- [http-nio-8008-exec-5] c.w.g.Controller.mainController          : 【RAIL_EXPIRATION】1610437890585
2021-01-12 00:35:21.877  INFO 5548 --- [http-nio-8008-exec-5] c.w.g.Controller.mainController          : 【RAIL_DEVICEID】WqYpoZ06tGPYW8yXwricrBBxanfPSIZss0eJdPPOqykfExmVuWE5BSUkd8yE6JSoUdIUrvIQQZOfatcIuuVVf3MDuPbZxf4Tb1tO30UWulOMEyqzmQ9VumuY3o5GJ6U61UbYOhj0emsCGSW7NsamYex-RlR2gSQ3
2021-01-12 00:35:50.365  INFO 5548 --- [http-nio-8008-exec-7] c.w.g.Controller.mainController          : 【接收cookie值：】
2021-01-12 00:35:50.366  INFO 5548 --- [http-nio-8008-exec-7] c.w.g.Controller.mainController          : 【tk】dKqqGvCgf4yMiSUxE3jh1_7MA48bS1yk73L1L0
2021-01-12 00:35:50.366  INFO 5548 --- [http-nio-8008-exec-7] c.w.g.Controller.mainController          : 【RAIL_EXPIRATION】1610437890585
2021-01-12 00:35:50.366  INFO 5548 --- [http-nio-8008-exec-7] c.w.g.Controller.mainController          : 【RAIL_DEVICEID】WqYpoZ06tGPYW8yXwricrBBxanfPSIZss0eJdPPOqykfExmVuWE5BSUkd8yE6JSoUdIUrvIQQZOfatcIuuVVf3MDuPbZxf4Tb1tO30UWulOMEyqzmQ9VumuY3o5GJ6U61UbYOhj0emsCGSW7NsamYex-RlR2gSQ3
2021-01-12 00:36:33.421  INFO 5548 --- [http-nio-8008-exec-9] c.w.g.Controller.mainController          : 【接收cookie值：】
2021-01-12 00:36:33.422  INFO 5548 --- [http-nio-8008-exec-9] c.w.g.Controller.mainController          : 【tk】dKqqGvCgf4yMiSUxE3jh1_7MA48bS1yk73L1L0
2021-01-12 00:36:33.422  INFO 5548 --- [http-nio-8008-exec-9] c.w.g.Controller.mainController          : 【RAIL_EXPIRATION】1610437890585
2021-01-12 00:36:33.422  INFO 5548 --- [http-nio-8008-exec-9] c.w.g.Controller.mainController          : 【RAIL_DEVICEID】WqYpoZ06tGPYW8yXwricrBBxanfPSIZss0eJdPPOqykfExmVuWE5BSUkd8yE6JSoUdIUrvIQQZOfatcIuuVVf3MDuPbZxf4Tb1tO30UWulOMEyqzmQ9VumuY3o5GJ6U61UbYOhj0emsCGSW7NsamYex-RlR2gSQ3
